<?xml version="1.0" encoding="UTF-8"?>
<testng-results ignored="0" total="1" passed="1" failed="0" skipped="0">
  <reporter-output>
  </reporter-output>
  <suite started-at="2023-06-06T08:26:02 IST" name="TestNG Listener" finished-at="2023-06-06T08:26:04 IST" duration-ms="1803">
    <groups>
    </groups>
    <test started-at="2023-06-06T08:26:02 IST" name="LoginTest" finished-at="2023-06-06T08:26:04 IST" duration-ms="1803">
      <class name="TestNGListener.LoginTest">
        <test-method is-config="true" signature="setUp()[pri:0, instance:TestNGListener.LoginTest@4218d6a3]" started-at="2023-06-06T08:25:49 IST" name="setUp" finished-at="2023-06-06T08:26:02 IST" duration-ms="13354" status="PASS">
          <reporter-output>
          </reporter-output>
        </test-method> <!-- setUp -->
        <test-method signature="doLogin()[pri:0, instance:TestNGListener.LoginTest@4218d6a3]" started-at="2023-06-06T08:26:02 IST" name="doLogin" finished-at="2023-06-06T08:26:04 IST" duration-ms="1691" status="PASS">
          <reporter-output>
          </reporter-output>
        </test-method> <!-- doLogin -->
        <test-method is-config="true" signature="tearDown()[pri:0, instance:TestNGListener.LoginTest@4218d6a3]" started-at="2023-06-06T08:26:04 IST" name="tearDown" finished-at="2023-06-06T08:26:05 IST" duration-ms="909" status="PASS">
          <reporter-output>
          </reporter-output>
        </test-method> <!-- tearDown -->
      </class> <!-- TestNGListener.LoginTest -->
    </test> <!-- LoginTest -->
  </suite> <!-- TestNG Listener -->
</testng-results>
